# JRE version: OpenJDK Runtime Environment (8.0_152-b06) (build 1.8.0_152-release-1136-b06)
# Java VM: OpenJDK 64-Bit Server VM (25.152-b06 mixed mode windows-amd64 compressed oops)
Heap:
 PSYoungGen      total 125952K, used 22338K [0x00000000e0000000, 0x00000000e8700000, 0x0000000100000000)
  eden space 116736K, 12% used [0x00000000e0000000,0x00000000e0dd5710,0x00000000e7200000)
  from space 9216K, 88% used [0x00000000e7e00000,0x00000000e85fb150,0x00000000e8700000)
  to   space 10752K, 0% used [0x00000000e7200000,0x00000000e7200000,0x00000000e7c80000)
 ParOldGen       total 50688K, used 7348K [0x00000000a0000000, 0x00000000a3180000, 0x00000000e0000000)
  object space 50688K, 14% used [0x00000000a0000000,0x00000000a072d178,0x00000000a3180000)
 Metaspace       used 31332K, capacity 31802K, committed 32000K, reserved 1077248K
  class space    used 4379K, capacity 4592K, committed 4608K, reserved 1048576K
GC Heap History (10 events):
Event: 3.891 GC heap before
{Heap before GC invocations=5 (full 0):
 PSYoungGen      total 37888K, used 37880K [0x00000000e0000000, 0x00000000e4a00000, 0x0000000100000000)
  eden space 32768K, 100% used [0x00000000e0000000,0x00000000e2000000,0x00000000e2000000)
  from space 5120K, 99% used [0x00000000e2500000,0x00000000e29fe050,0x00000000e2a00000)
  to   space 5120K, 0% used [0x00000000e2000000,0x00000000e2000000,0x00000000e2500000)
 ParOldGen       total 86016K, used 5386K [0x00000000a0000000, 0x00000000a5400000, 0x00000000e0000000)
  object space 86016K, 6% used [0x00000000a0000000,0x00000000a05429b0,0x00000000a5400000)
 Metaspace       used 20312K, capacity 20828K, committed 20992K, reserved 1067008K
  class space    used 2860K, capacity 3056K, committed 3072K, reserved 1048576K
Event: 3.902 GC heap after
Heap after GC invocations=5 (full 0):
 PSYoungGen      total 37888K, used 5116K [0x00000000e0000000, 0x00000000e5600000, 0x0000000100000000)
  eden space 32768K, 0% used [0x00000000e0000000,0x00000000e0000000,0x00000000e2000000)
  from space 5120K, 99% used [0x00000000e2000000,0x00000000e24ff060,0x00000000e2500000)
  to   space 11264K, 0% used [0x00000000e4b00000,0x00000000e4b00000,0x00000000e5600000)
 ParOldGen       total 86016K, used 9695K [0x00000000a0000000, 0x00000000a5400000, 0x00000000e0000000)
  object space 86016K, 11% used [0x00000000a0000000,0x00000000a0977c58,0x00000000a5400000)
 Metaspace       used 20312K, capacity 20828K, committed 20992K, reserved 1067008K
  class space    used 2860K, capacity 3056K, committed 3072K, reserved 1048576K
}
Event: 3.921 GC heap before
{Heap before GC invocations=6 (full 0):
 PSYoungGen      total 37888K, used 6217K [0x00000000e0000000, 0x00000000e5600000, 0x0000000100000000)
  eden space 32768K, 3% used [0x00000000e0000000,0x00000000e0113740,0x00000000e2000000)
  from space 5120K, 99% used [0x00000000e2000000,0x00000000e24ff060,0x00000000e2500000)
  to   space 11264K, 0% used [0x00000000e4b00000,0x00000000e4b00000,0x00000000e5600000)
 ParOldGen       total 86016K, used 9695K [0x00000000a0000000, 0x00000000a5400000, 0x00000000e0000000)
  object space 86016K, 11% used [0x00000000a0000000,0x00000000a0977c58,0x00000000a5400000)
 Metaspace       used 20739K, capacity 21212K, committed 21248K, reserved 1067008K
  class space    used 2886K, capacity 3056K, committed 3072K, reserved 1048576K
Event: 3.928 GC heap after
Heap after GC invocations=6 (full 0):
 PSYoungGen      total 75776K, used 5350K [0x00000000e0000000, 0x00000000e5500000, 0x0000000100000000)
  eden space 65536K, 0% used [0x00000000e0000000,0x00000000e0000000,0x00000000e4000000)
  from space 10240K, 52% used [0x00000000e4b00000,0x00000000e50399b0,0x00000000e5500000)
  to   space 10752K, 0% used [0x00000000e4000000,0x00000000e4000000,0x00000000e4a80000)
 ParOldGen       total 86016K, used 9703K [0x00000000a0000000, 0x00000000a5400000, 0x00000000e0000000)
  object space 86016K, 11% used [0x00000000a0000000,0x00000000a0979c58,0x00000000a5400000)
 Metaspace       used 20739K, capacity 21212K, committed 21248K, reserved 1067008K
  class space    used 2886K, capacity 3056K, committed 3072K, reserved 1048576K
}
Event: 3.928 GC heap before
{Heap before GC invocations=7 (full 1):
 PSYoungGen      total 75776K, used 5350K [0x00000000e0000000, 0x00000000e5500000, 0x0000000100000000)
  eden space 65536K, 0% used [0x00000000e0000000,0x00000000e0000000,0x00000000e4000000)
  from space 10240K, 52% used [0x00000000e4b00000,0x00000000e50399b0,0x00000000e5500000)
  to   space 10752K, 0% used [0x00000000e4000000,0x00000000e4000000,0x00000000e4a80000)
 ParOldGen       total 86016K, used 9703K [0x00000000a0000000, 0x00000000a5400000, 0x00000000e0000000)
  object space 86016K, 11% used [0x00000000a0000000,0x00000000a0979c58,0x00000000a5400000)
 Metaspace       used 20739K, capacity 21212K, committed 21248K, reserved 1067008K
  class space    used 2886K, capacity 3056K, committed 3072K, reserved 1048576K
Event: 3.980 GC heap after
Heap after GC invocations=7 (full 1):
 PSYoungGen      total 75776K, used 0K [0x00000000e0000000, 0x00000000e5500000, 0x0000000100000000)
  eden space 65536K, 0% used [0x00000000e0000000,0x00000000e0000000,0x00000000e4000000)
  from space 10240K, 0% used [0x00000000e4b00000,0x00000000e4b00000,0x00000000e5500000)
  to   space 10752K, 0% used [0x00000000e4000000,0x00000000e4000000,0x00000000e4a80000)
 ParOldGen       total 50688K, used 7332K [0x00000000a0000000, 0x00000000a3180000, 0x00000000e0000000)
  object space 50688K, 14% used [0x00000000a0000000,0x00000000a0729178,0x00000000a3180000)
 Metaspace       used 20739K, capacity 21212K, committed 21248K, reserved 1067008K
  class space    used 2886K, capacity 3056K, committed 3072K, reserved 1048576K
}
Event: 5.355 GC heap before
{Heap before GC invocations=8 (full 1):
 PSYoungGen      total 75776K, used 65536K [0x00000000e0000000, 0x00000000e5500000, 0x0000000100000000)
  eden space 65536K, 100% used [0x00000000e0000000,0x00000000e4000000,0x00000000e4000000)
  from space 10240K, 0% used [0x00000000e4b00000,0x00000000e4b00000,0x00000000e5500000)
  to   space 10752K, 0% used [0x00000000e4000000,0x00000000e4000000,0x00000000e4a80000)
 ParOldGen       total 50688K, used 7332K [0x00000000a0000000, 0x00000000a3180000, 0x00000000e0000000)
  object space 50688K, 14% used [0x00000000a0000000,0x00000000a0729178,0x00000000a3180000)
 Metaspace       used 27262K, capacity 27818K, committed 28032K, reserved 1073152K
  class space    used 3727K, capacity 3907K, committed 3968K, reserved 1048576K
Event: 5.364 GC heap after
Heap after GC invocations=8 (full 1):
 PSYoungGen      total 76288K, used 7002K [0x00000000e0000000, 0x00000000e8800000, 0x0000000100000000)
  eden space 65536K, 0% used [0x00000000e0000000,0x00000000e0000000,0x00000000e4000000)
  from space 10752K, 65% used [0x00000000e4000000,0x00000000e46d69c8,0x00000000e4a80000)
  to   space 10240K, 0% used [0x00000000e7e00000,0x00000000e7e00000,0x00000000e8800000)
 ParOldGen       total 50688K, used 7340K [0x00000000a0000000, 0x00000000a3180000, 0x00000000e0000000)
  object space 50688K, 14% used [0x00000000a0000000,0x00000000a072b178,0x00000000a3180000)
 Metaspace       used 27262K, capacity 27818K, committed 28032K, reserved 1073152K
  class space    used 3727K, capacity 3907K, committed 3968K, reserved 1048576K
}
Event: 5.991 GC heap before
{Heap before GC invocations=9 (full 1):
 PSYoungGen      total 76288K, used 72538K [0x00000000e0000000, 0x00000000e8800000, 0x0000000100000000)
  eden space 65536K, 100% used [0x00000000e0000000,0x00000000e4000000,0x00000000e4000000)
  from space 10752K, 65% used [0x00000000e4000000,0x00000000e46d69c8,0x00000000e4a80000)
  to   space 10240K, 0% used [0x00000000e7e00000,0x00000000e7e00000,0x00000000e8800000)
 ParOldGen       total 50688K, used 7340K [0x00000000a0000000, 0x00000000a3180000, 0x00000000e0000000)
  object space 50688K, 14% used [0x00000000a0000000,0x00000000a072b178,0x00000000a3180000)
 Metaspace       used 30555K, capacity 31062K, committed 31104K, reserved 1075200K
  class space    used 4238K, capacity 4454K, committed 4480K, reserved 1048576K
Event: 6.002 GC heap after
Heap after GC invocations=9 (full 1):
 PSYoungGen      total 125952K, used 8172K [0x00000000e0000000, 0x00000000e8700000, 0x0000000100000000)
  eden space 116736K, 0% used [0x00000000e0000000,0x00000000e0000000,0x00000000e7200000)
  from space 9216K, 88% used [0x00000000e7e00000,0x00000000e85fb150,0x00000000e8700000)
  to   space 10752K, 0% used [0x00000000e7200000,0x00000000e7200000,0x00000000e7c80000)
 ParOldGen       total 50688K, used 7348K [0x00000000a0000000, 0x00000000a3180000, 0x00000000e0000000)
  object space 50688K, 14% used [0x00000000a0000000,0x00000000a072d178,0x00000000a3180000)
 Metaspace       used 30555K, capacity 31062K, committed 31104K, reserved 1075200K
  class space    used 4238K, capacity 4454K, committed 4480K, reserved 1048576K
}

